<?xml version="1.0" encoding="UTF-8"?>
<testng-results ignored="0" total="1" passed="1" failed="0" skipped="0">
  <reporter-output>
  </reporter-output>
  <suite started-at="2025-02-06T14:50:24Z" name="Default suite" finished-at="2025-02-06T14:50:36Z" duration-ms="12286">
    <groups>
    </groups>
    <test started-at="2025-02-06T14:50:24Z" name="Default test" finished-at="2025-02-06T14:50:36Z" duration-ms="12286">
      <class name="com.qa.testcases.HomePage_TestCase">
        <test-method is-config="true" signature="setup()[pri:0, instance:com.qa.testcases.HomePage_TestCase@57db2b13]" started-at="2025-02-06T20:20:24Z" name="setup" finished-at="2025-02-06T20:20:29Z" duration-ms="5965" status="PASS">
          <reporter-output>
          </reporter-output>
        </test-method> <!-- setup -->
        <test-method signature="VerifyValidLogin()[pri:0, instance:com.qa.testcases.HomePage_TestCase@57db2b13]" started-at="2025-02-06T20:20:29Z" name="VerifyValidLogin" finished-at="2025-02-06T20:20:35Z" duration-ms="5904" status="PASS">
          <reporter-output>
          </reporter-output>
        </test-method> <!-- VerifyValidLogin -->
        <test-method is-config="true" signature="tearDown()[pri:0, instance:com.qa.testcases.HomePage_TestCase@57db2b13]" started-at="2025-02-06T20:20:35Z" name="tearDown" finished-at="2025-02-06T20:20:36Z" duration-ms="382" status="PASS">
          <reporter-output>
          </reporter-output>
        </test-method> <!-- tearDown -->
      </class> <!-- com.qa.testcases.HomePage_TestCase -->
    </test> <!-- Default test -->
  </suite> <!-- Default suite -->
</testng-results>
