<?xml version="1.0" encoding="UTF-8"?>
<testng-results ignored="0" total="1" passed="1" failed="0" skipped="0">
  <reporter-output>
  </reporter-output>
  <suite started-at="2025-06-20T10:06:34Z" name="FREE CRM Application Test Automation Test Suite" finished-at="2025-06-20T10:06:38Z" duration-ms="4120">
    <groups>
    </groups>
    <test started-at="2025-06-20T10:06:34Z" name="Free CRM App Test Cases" finished-at="2025-06-20T10:06:38Z" duration-ms="4120">
      <class name="com.qa.testcases.DashBoard_TestCase">
        <test-method is-config="true" signature="setup()[pri:0, instance:com.qa.testcases.DashBoard_TestCase@75f32542]" started-at="2025-06-20T15:36:34Z" name="setup" finished-at="2025-06-20T15:36:37Z" duration-ms="2683" status="PASS">
          <reporter-output>
          </reporter-output>
        </test-method> <!-- setup -->
        <test-method signature="VerifyDashBoardPage()[pri:0, instance:com.qa.testcases.DashBoard_TestCase@75f32542]" started-at="2025-06-20T15:36:37Z" name="VerifyDashBoardPage" finished-at="2025-06-20T15:36:38Z" duration-ms="845" status="PASS">
          <reporter-output>
          </reporter-output>
        </test-method> <!-- VerifyDashBoardPage -->
        <test-method is-config="true" signature="tearDown()[pri:0, instance:com.qa.testcases.DashBoard_TestCase@75f32542]" started-at="2025-06-20T15:36:38Z" name="tearDown" finished-at="2025-06-20T15:36:38Z" duration-ms="239" status="PASS">
          <reporter-output>
          </reporter-output>
        </test-method> <!-- tearDown -->
      </class> <!-- com.qa.testcases.DashBoard_TestCase -->
    </test> <!-- Free CRM App Test Cases -->
  </suite> <!-- FREE CRM Application Test Automation Test Suite -->
</testng-results>
